Vivado Simulator v2023.1
Copyright 1986-2022 Xilinx, Inc. All Rights Reserved.
Copyright 2022-2023 Advanced Micro Devices, Inc. All Rights Reserved.
Running: C:/Xilinx/Vivado/2023.1/bin/unwrapped/win64.o/xelab.exe --incr --debug typical --relax --mt 2 -L xil_defaultlib -L unisims_ver -L unimacro_ver -L secureip -L xpm --snapshot tb_pmdc_axis_wrapper_behav xil_defaultlib.tb_pmdc_axis_wrapper xil_defaultlib.glbl -log elaborate.log 
Using 2 slave threads.
Starting static elaboration
Pass Through NonSizing Optimizer
Completed static elaboration
Starting simulation data flow analysis
Completed simulation data flow analysis
Time Resolution for simulation is 1ps
Compiling module xil_defaultlib.alpha2level_inverter_hdl1
Compiling module xil_defaultlib.Torque_model
Compiling module xil_defaultlib.mech_model
Compiling module xil_defaultlib.voltage_model_q
Compiling module xil_defaultlib.PMDC_model1
Compiling module xil_defaultlib.PMDC_inv_hdl1
Compiling module xil_defaultlib.pmdc_axis_wrapper(PACKET_SIZE=4)
Compiling module xil_defaultlib.tb_pmdc_axis_wrapper
Compiling module xil_defaultlib.glbl
Built simulation snapshot tb_pmdc_axis_wrapper_behav
