Copyright 1986-2022 Xilinx, Inc. All Rights Reserved. Copyright 2022-2023 Advanced Micro Devices, Inc. All Rights Reserved.
---------------------------------------------------------------------------------------------------------------------------------------------
| Tool Version : Vivado v.2023.1 (win64) Build 3865809 Sun May  7 15:05:29 MDT 2023
| Date         : Wed Jun 24 22:55:06 2026
| Host         : DESKTOP-78TRR8B running 64-bit major release  (build 9200)
| Command      : report_drc -file design_1_wrapper_drc_opted.rpt -pb design_1_wrapper_drc_opted.pb -rpx design_1_wrapper_drc_opted.rpx
| Design       : design_1_wrapper
| Device       : xc7z020clg400-1
| Speed File   : -1
| Design State : Synthesized
---------------------------------------------------------------------------------------------------------------------------------------------

Report DRC

Table of Contents
-----------------
1. REPORT SUMMARY
2. REPORT DETAILS

1. REPORT SUMMARY
-----------------
            Netlist: netlist
          Floorplan: design_1
      Design limits: <entire design considered>
           Ruledeck: default
             Max violations: <unlimited>
             Violations found: 130
+-----------+----------+----------------------------+------------+
| Rule      | Severity | Description                | Violations |
+-----------+----------+----------------------------+------------+
| DPIP-1    | Warning  | Input pipelining           | 32         |
| DPOP-1    | Warning  | PREG Output pipelining     | 18         |
| DPOP-2    | Warning  | MREG Output pipelining     | 24         |
| DPOR-1    | Warning  | Asynchronous load check    | 54         |
| REQP-1839 | Warning  | RAMB36 async control check | 1          |
| REQP-181  | Advisory | writefirst                 | 1          |
+-----------+----------+----------------------------+------------+

2. REPORT DETAILS
-----------------
DPIP-1#1 Warning
Input pipelining  
DSP design_1_i/pmdc_axis_wrapper_0/inst/u_pmdc_top/u_PMDC_model1/u_Torque_model/Product_out1 input design_1_i/pmdc_axis_wrapper_0/inst/u_pmdc_top/u_PMDC_model1/u_Torque_model/Product_out1/A[29:0] is not pipelined. Pipelining DSP48 input will improve performance.
Related violations: <none>

DPIP-1#2 Warning
Input pipelining  
DSP design_1_i/pmdc_axis_wrapper_0/inst/u_pmdc_top/u_PMDC_model1/u_Torque_model/Product_out1 input design_1_i/pmdc_axis_wrapper_0/inst/u_pmdc_top/u_PMDC_model1/u_Torque_model/Product_out1/B[17:0] is not pipelined. Pipelining DSP48 input will improve performance.
Related violations: <none>

DPIP-1#3 Warning
Input pipelining  
DSP design_1_i/pmdc_axis_wrapper_0/inst/u_pmdc_top/u_PMDC_model1/u_Torque_model/Product_out1__0 input design_1_i/pmdc_axis_wrapper_0/inst/u_pmdc_top/u_PMDC_model1/u_Torque_model/Product_out1__0/A[29:0] is not pipelined. Pipelining DSP48 input will improve performance.
Related violations: <none>

DPIP-1#4 Warning
Input pipelining  
DSP design_1_i/pmdc_axis_wrapper_0/inst/u_pmdc_top/u_PMDC_model1/u_Torque_model/Product_out1__0 input design_1_i/pmdc_axis_wrapper_0/inst/u_pmdc_top/u_PMDC_model1/u_Torque_model/Product_out1__0/B[17:0] is not pipelined. Pipelining DSP48 input will improve performance.
Related violations: <none>

DPIP-1#5 Warning
Input pipelining  
DSP design_1_i/pmdc_axis_wrapper_0/inst/u_pmdc_top/u_PMDC_model1/u_Torque_model/Product_out1__1 input design_1_i/pmdc_axis_wrapper_0/inst/u_pmdc_top/u_PMDC_model1/u_Torque_model/Product_out1__1/A[29:0] is not pipelined. Pipelining DSP48 input will improve performance.
Related violations: <none>

DPIP-1#6 Warning
Input pipelining  
DSP design_1_i/pmdc_axis_wrapper_0/inst/u_pmdc_top/u_PMDC_model1/u_Torque_model/Product_out1__1 input design_1_i/pmdc_axis_wrapper_0/inst/u_pmdc_top/u_PMDC_model1/u_Torque_model/Product_out1__1/B[17:0] is not pipelined. Pipelining DSP48 input will improve performance.
Related violations: <none>

DPIP-1#7 Warning
Input pipelining  
DSP design_1_i/pmdc_axis_wrapper_0/inst/u_pmdc_top/u_PMDC_model1/u_Torque_model/Product_out1__2 input design_1_i/pmdc_axis_wrapper_0/inst/u_pmdc_top/u_PMDC_model1/u_Torque_model/Product_out1__2/A[29:0] is not pipelined. Pipelining DSP48 input will improve performance.
Related violations: <none>

DPIP-1#8 Warning
Input pipelining  
DSP design_1_i/pmdc_axis_wrapper_0/inst/u_pmdc_top/u_PMDC_model1/u_Torque_model/Product_out1__2 input design_1_i/pmdc_axis_wrapper_0/inst/u_pmdc_top/u_PMDC_model1/u_Torque_model/Product_out1__2/B[17:0] is not pipelined. Pipelining DSP48 input will improve performance.
Related violations: <none>

DPIP-1#9 Warning
Input pipelining  
DSP design_1_i/pmdc_axis_wrapper_0/inst/u_pmdc_top/u_PMDC_model1/u_mech_model/Gain6_mul_temp input design_1_i/pmdc_axis_wrapper_0/inst/u_pmdc_top/u_PMDC_model1/u_mech_model/Gain6_mul_temp/A[29:0] is not pipelined. Pipelining DSP48 input will improve performance.
Related violations: <none>

DPIP-1#10 Warning
Input pipelining  
DSP design_1_i/pmdc_axis_wrapper_0/inst/u_pmdc_top/u_PMDC_model1/u_mech_model/Gain6_mul_temp__0 input design_1_i/pmdc_axis_wrapper_0/inst/u_pmdc_top/u_PMDC_model1/u_mech_model/Gain6_mul_temp__0/B[17:0] is not pipelined. Pipelining DSP48 input will improve performance.
Related violations: <none>

DPIP-1#11 Warning
Input pipelining  
DSP design_1_i/pmdc_axis_wrapper_0/inst/u_pmdc_top/u_PMDC_model1/u_mech_model/Gain6_mul_temp__1 input design_1_i/pmdc_axis_wrapper_0/inst/u_pmdc_top/u_PMDC_model1/u_mech_model/Gain6_mul_temp__1/A[29:0] is not pipelined. Pipelining DSP48 input will improve performance.
Related violations: <none>

DPIP-1#12 Warning
Input pipelining  
DSP design_1_i/pmdc_axis_wrapper_0/inst/u_pmdc_top/u_PMDC_model1/u_mech_model/Gain6_mul_temp__2 input design_1_i/pmdc_axis_wrapper_0/inst/u_pmdc_top/u_PMDC_model1/u_mech_model/Gain6_mul_temp__2/A[29:0] is not pipelined. Pipelining DSP48 input will improve performance.
Related violations: <none>

DPIP-1#13 Warning
Input pipelining  
DSP design_1_i/pmdc_axis_wrapper_0/inst/u_pmdc_top/u_PMDC_model1/u_mech_model/Gain8_mul_temp input design_1_i/pmdc_axis_wrapper_0/inst/u_pmdc_top/u_PMDC_model1/u_mech_model/Gain8_mul_temp/A[29:0] is not pipelined. Pipelining DSP48 input will improve performance.
Related violations: <none>

DPIP-1#14 Warning
Input pipelining  
DSP design_1_i/pmdc_axis_wrapper_0/inst/u_pmdc_top/u_PMDC_model1/u_mech_model/Gain8_mul_temp__0 input design_1_i/pmdc_axis_wrapper_0/inst/u_pmdc_top/u_PMDC_model1/u_mech_model/Gain8_mul_temp__0/B[17:0] is not pipelined. Pipelining DSP48 input will improve performance.
Related violations: <none>

DPIP-1#15 Warning
Input pipelining  
DSP design_1_i/pmdc_axis_wrapper_0/inst/u_pmdc_top/u_PMDC_model1/u_mech_model/Gain8_mul_temp__1 input design_1_i/pmdc_axis_wrapper_0/inst/u_pmdc_top/u_PMDC_model1/u_mech_model/Gain8_mul_temp__1/A[29:0] is not pipelined. Pipelining DSP48 input will improve performance.
Related violations: <none>

DPIP-1#16 Warning
Input pipelining  
DSP design_1_i/pmdc_axis_wrapper_0/inst/u_pmdc_top/u_PMDC_model1/u_mech_model/Gain8_mul_temp__2 input design_1_i/pmdc_axis_wrapper_0/inst/u_pmdc_top/u_PMDC_model1/u_mech_model/Gain8_mul_temp__2/A[29:0] is not pipelined. Pipelining DSP48 input will improve performance.
Related violations: <none>

DPIP-1#17 Warning
Input pipelining  
DSP design_1_i/pmdc_axis_wrapper_0/inst/u_pmdc_top/u_PMDC_model1/u_voltage_model_q/Gain2_mul_temp input design_1_i/pmdc_axis_wrapper_0/inst/u_pmdc_top/u_PMDC_model1/u_voltage_model_q/Gain2_mul_temp/A[29:0] is not pipelined. Pipelining DSP48 input will improve performance.
Related violations: <none>

DPIP-1#18 Warning
Input pipelining  
DSP design_1_i/pmdc_axis_wrapper_0/inst/u_pmdc_top/u_PMDC_model1/u_voltage_model_q/Gain2_mul_temp__0 input design_1_i/pmdc_axis_wrapper_0/inst/u_pmdc_top/u_PMDC_model1/u_voltage_model_q/Gain2_mul_temp__0/B[17:0] is not pipelined. Pipelining DSP48 input will improve performance.
Related violations: <none>

DPIP-1#19 Warning
Input pipelining  
DSP design_1_i/pmdc_axis_wrapper_0/inst/u_pmdc_top/u_PMDC_model1/u_voltage_model_q/Gain2_mul_temp__1 input design_1_i/pmdc_axis_wrapper_0/inst/u_pmdc_top/u_PMDC_model1/u_voltage_model_q/Gain2_mul_temp__1/A[29:0] is not pipelined. Pipelining DSP48 input will improve performance.
Related violations: <none>

DPIP-1#20 Warning
Input pipelining  
DSP design_1_i/pmdc_axis_wrapper_0/inst/u_pmdc_top/u_PMDC_model1/u_voltage_model_q/Gain2_mul_temp__2 input design_1_i/pmdc_axis_wrapper_0/inst/u_pmdc_top/u_PMDC_model1/u_voltage_model_q/Gain2_mul_temp__2/B[17:0] is not pipelined. Pipelining DSP48 input will improve performance.
Related violations: <none>

DPIP-1#21 Warning
Input pipelining  
DSP design_1_i/pmdc_axis_wrapper_0/inst/u_pmdc_top/u_PMDC_model1/u_voltage_model_q/Gain4_mul_temp input design_1_i/pmdc_axis_wrapper_0/inst/u_pmdc_top/u_PMDC_model1/u_voltage_model_q/Gain4_mul_temp/A[29:0] is not pipelined. Pipelining DSP48 input will improve performance.
Related violations: <none>

DPIP-1#22 Warning
Input pipelining  
DSP design_1_i/pmdc_axis_wrapper_0/inst/u_pmdc_top/u_PMDC_model1/u_voltage_model_q/Gain4_mul_temp input design_1_i/pmdc_axis_wrapper_0/inst/u_pmdc_top/u_PMDC_model1/u_voltage_model_q/Gain4_mul_temp/B[17:0] is not pipelined. Pipelining DSP48 input will improve performance.
Related violations: <none>

DPIP-1#23 Warning
Input pipelining  
DSP design_1_i/pmdc_axis_wrapper_0/inst/u_pmdc_top/u_PMDC_model1/u_voltage_model_q/Gain4_mul_temp__0 input design_1_i/pmdc_axis_wrapper_0/inst/u_pmdc_top/u_PMDC_model1/u_voltage_model_q/Gain4_mul_temp__0/A[29:0] is not pipelined. Pipelining DSP48 input will improve performance.
Related violations: <none>

DPIP-1#24 Warning
Input pipelining  
DSP design_1_i/pmdc_axis_wrapper_0/inst/u_pmdc_top/u_PMDC_model1/u_voltage_model_q/Gain4_mul_temp__0 input design_1_i/pmdc_axis_wrapper_0/inst/u_pmdc_top/u_PMDC_model1/u_voltage_model_q/Gain4_mul_temp__0/B[17:0] is not pipelined. Pipelining DSP48 input will improve performance.
Related violations: <none>

DPIP-1#25 Warning
Input pipelining  
DSP design_1_i/pmdc_axis_wrapper_0/inst/u_pmdc_top/u_PMDC_model1/u_voltage_model_q/Gain4_mul_temp__1 input design_1_i/pmdc_axis_wrapper_0/inst/u_pmdc_top/u_PMDC_model1/u_voltage_model_q/Gain4_mul_temp__1/A[29:0] is not pipelined. Pipelining DSP48 input will improve performance.
Related violations: <none>

DPIP-1#26 Warning
Input pipelining  
DSP design_1_i/pmdc_axis_wrapper_0/inst/u_pmdc_top/u_PMDC_model1/u_voltage_model_q/Gain4_mul_temp__1 input design_1_i/pmdc_axis_wrapper_0/inst/u_pmdc_top/u_PMDC_model1/u_voltage_model_q/Gain4_mul_temp__1/B[17:0] is not pipelined. Pipelining DSP48 input will improve performance.
Related violations: <none>

DPIP-1#27 Warning
Input pipelining  
DSP design_1_i/pmdc_axis_wrapper_0/inst/u_pmdc_top/u_PMDC_model1/u_voltage_model_q/Gain4_mul_temp__2 input design_1_i/pmdc_axis_wrapper_0/inst/u_pmdc_top/u_PMDC_model1/u_voltage_model_q/Gain4_mul_temp__2/A[29:0] is not pipelined. Pipelining DSP48 input will improve performance.
Related violations: <none>

DPIP-1#28 Warning
Input pipelining  
DSP design_1_i/pmdc_axis_wrapper_0/inst/u_pmdc_top/u_PMDC_model1/u_voltage_model_q/Gain4_mul_temp__2 input design_1_i/pmdc_axis_wrapper_0/inst/u_pmdc_top/u_PMDC_model1/u_voltage_model_q/Gain4_mul_temp__2/B[17:0] is not pipelined. Pipelining DSP48 input will improve performance.
Related violations: <none>

DPIP-1#29 Warning
Input pipelining  
DSP design_1_i/pmdc_axis_wrapper_0/inst/u_pmdc_top/u_PMDC_model1/u_voltage_model_q/Gain5_mul_temp input design_1_i/pmdc_axis_wrapper_0/inst/u_pmdc_top/u_PMDC_model1/u_voltage_model_q/Gain5_mul_temp/A[29:0] is not pipelined. Pipelining DSP48 input will improve performance.
Related violations: <none>

DPIP-1#30 Warning
Input pipelining  
DSP design_1_i/pmdc_axis_wrapper_0/inst/u_pmdc_top/u_PMDC_model1/u_voltage_model_q/Gain5_mul_temp__0 input design_1_i/pmdc_axis_wrapper_0/inst/u_pmdc_top/u_PMDC_model1/u_voltage_model_q/Gain5_mul_temp__0/B[17:0] is not pipelined. Pipelining DSP48 input will improve performance.
Related violations: <none>

DPIP-1#31 Warning
Input pipelining  
DSP design_1_i/pmdc_axis_wrapper_0/inst/u_pmdc_top/u_PMDC_model1/u_voltage_model_q/Gain5_mul_temp__1 input design_1_i/pmdc_axis_wrapper_0/inst/u_pmdc_top/u_PMDC_model1/u_voltage_model_q/Gain5_mul_temp__1/A[29:0] is not pipelined. Pipelining DSP48 input will improve performance.
Related violations: <none>

DPIP-1#32 Warning
Input pipelining  
DSP design_1_i/pmdc_axis_wrapper_0/inst/u_pmdc_top/u_PMDC_model1/u_voltage_model_q/Gain5_mul_temp__2 input design_1_i/pmdc_axis_wrapper_0/inst/u_pmdc_top/u_PMDC_model1/u_voltage_model_q/Gain5_mul_temp__2/B[17:0] is not pipelined. Pipelining DSP48 input will improve performance.
Related violations: <none>

DPOP-1#1 Warning
PREG Output pipelining  
DSP design_1_i/pmdc_axis_wrapper_0/inst/u_pmdc_top/u_PMDC_model1/u_Torque_model/Product_out1 output design_1_i/pmdc_axis_wrapper_0/inst/u_pmdc_top/u_PMDC_model1/u_Torque_model/Product_out1/P[47:0] is not pipelined (PREG=0). Pipelining the DSP48 output will improve performance and often saves power so it is suggested whenever possible to fully pipeline this function.  If this DSP48 function was inferred, it is suggested to describe an additional register stage after this function.  If the DSP48 was instantiated in the design, it is suggested to set the PREG attribute to 1.
Related violations: <none>

DPOP-1#2 Warning
PREG Output pipelining  
DSP design_1_i/pmdc_axis_wrapper_0/inst/u_pmdc_top/u_PMDC_model1/u_Torque_model/Product_out1__1 output design_1_i/pmdc_axis_wrapper_0/inst/u_pmdc_top/u_PMDC_model1/u_Torque_model/Product_out1__1/P[47:0] is not pipelined (PREG=0). Pipelining the DSP48 output will improve performance and often saves power so it is suggested whenever possible to fully pipeline this function.  If this DSP48 function was inferred, it is suggested to describe an additional register stage after this function.  If the DSP48 was instantiated in the design, it is suggested to set the PREG attribute to 1.
Related violations: <none>

DPOP-1#3 Warning
PREG Output pipelining  
DSP design_1_i/pmdc_axis_wrapper_0/inst/u_pmdc_top/u_PMDC_model1/u_mech_model/Gain6_mul_temp output design_1_i/pmdc_axis_wrapper_0/inst/u_pmdc_top/u_PMDC_model1/u_mech_model/Gain6_mul_temp/P[47:0] is not pipelined (PREG=0). Pipelining the DSP48 output will improve performance and often saves power so it is suggested whenever possible to fully pipeline this function.  If this DSP48 function was inferred, it is suggested to describe an additional register stage after this function.  If the DSP48 was instantiated in the design, it is suggested to set the PREG attribute to 1.
Related violations: <none>

DPOP-1#4 Warning
PREG Output pipelining  
DSP design_1_i/pmdc_axis_wrapper_0/inst/u_pmdc_top/u_PMDC_model1/u_mech_model/Gain6_mul_temp__0 output design_1_i/pmdc_axis_wrapper_0/inst/u_pmdc_top/u_PMDC_model1/u_mech_model/Gain6_mul_temp__0/P[47:0] is not pipelined (PREG=0). Pipelining the DSP48 output will improve performance and often saves power so it is suggested whenever possible to fully pipeline this function.  If this DSP48 function was inferred, it is suggested to describe an additional register stage after this function.  If the DSP48 was instantiated in the design, it is suggested to set the PREG attribute to 1.
Related violations: <none>

DPOP-1#5 Warning
PREG Output pipelining  
DSP design_1_i/pmdc_axis_wrapper_0/inst/u_pmdc_top/u_PMDC_model1/u_mech_model/Gain6_mul_temp__1 output design_1_i/pmdc_axis_wrapper_0/inst/u_pmdc_top/u_PMDC_model1/u_mech_model/Gain6_mul_temp__1/P[47:0] is not pipelined (PREG=0). Pipelining the DSP48 output will improve performance and often saves power so it is suggested whenever possible to fully pipeline this function.  If this DSP48 function was inferred, it is suggested to describe an additional register stage after this function.  If the DSP48 was instantiated in the design, it is suggested to set the PREG attribute to 1.
Related violations: <none>

DPOP-1#6 Warning
PREG Output pipelining  
DSP design_1_i/pmdc_axis_wrapper_0/inst/u_pmdc_top/u_PMDC_model1/u_mech_model/Gain6_mul_temp__2 output design_1_i/pmdc_axis_wrapper_0/inst/u_pmdc_top/u_PMDC_model1/u_mech_model/Gain6_mul_temp__2/P[47:0] is not pipelined (PREG=0). Pipelining the DSP48 output will improve performance and often saves power so it is suggested whenever possible to fully pipeline this function.  If this DSP48 function was inferred, it is suggested to describe an additional register stage after this function.  If the DSP48 was instantiated in the design, it is suggested to set the PREG attribute to 1.
Related violations: <none>

DPOP-1#7 Warning
PREG Output pipelining  
DSP design_1_i/pmdc_axis_wrapper_0/inst/u_pmdc_top/u_PMDC_model1/u_mech_model/Gain8_mul_temp output design_1_i/pmdc_axis_wrapper_0/inst/u_pmdc_top/u_PMDC_model1/u_mech_model/Gain8_mul_temp/P[47:0] is not pipelined (PREG=0). Pipelining the DSP48 output will improve performance and often saves power so it is suggested whenever possible to fully pipeline this function.  If this DSP48 function was inferred, it is suggested to describe an additional register stage after this function.  If the DSP48 was instantiated in the design, it is suggested to set the PREG attribute to 1.
Related violations: <none>

DPOP-1#8 Warning
PREG Output pipelining  
DSP design_1_i/pmdc_axis_wrapper_0/inst/u_pmdc_top/u_PMDC_model1/u_mech_model/Gain8_mul_temp__1 output design_1_i/pmdc_axis_wrapper_0/inst/u_pmdc_top/u_PMDC_model1/u_mech_model/Gain8_mul_temp__1/P[47:0] is not pipelined (PREG=0). Pipelining the DSP48 output will improve performance and often saves power so it is suggested whenever possible to fully pipeline this function.  If this DSP48 function was inferred, it is suggested to describe an additional register stage after this function.  If the DSP48 was instantiated in the design, it is suggested to set the PREG attribute to 1.
Related violations: <none>

DPOP-1#9 Warning
PREG Output pipelining  
DSP design_1_i/pmdc_axis_wrapper_0/inst/u_pmdc_top/u_PMDC_model1/u_voltage_model_q/Gain2_mul_temp output design_1_i/pmdc_axis_wrapper_0/inst/u_pmdc_top/u_PMDC_model1/u_voltage_model_q/Gain2_mul_temp/P[47:0] is not pipelined (PREG=0). Pipelining the DSP48 output will improve performance and often saves power so it is suggested whenever possible to fully pipeline this function.  If this DSP48 function was inferred, it is suggested to describe an additional register stage after this function.  If the DSP48 was instantiated in the design, it is suggested to set the PREG attribute to 1.
Related violations: <none>

DPOP-1#10 Warning
PREG Output pipelining  
DSP design_1_i/pmdc_axis_wrapper_0/inst/u_pmdc_top/u_PMDC_model1/u_voltage_model_q/Gain2_mul_temp__0 output design_1_i/pmdc_axis_wrapper_0/inst/u_pmdc_top/u_PMDC_model1/u_voltage_model_q/Gain2_mul_temp__0/P[47:0] is not pipelined (PREG=0). Pipelining the DSP48 output will improve performance and often saves power so it is suggested whenever possible to fully pipeline this function.  If this DSP48 function was inferred, it is suggested to describe an additional register stage after this function.  If the DSP48 was instantiated in the design, it is suggested to set the PREG attribute to 1.
Related violations: <none>

DPOP-1#11 Warning
PREG Output pipelining  
DSP design_1_i/pmdc_axis_wrapper_0/inst/u_pmdc_top/u_PMDC_model1/u_voltage_model_q/Gain2_mul_temp__1 output design_1_i/pmdc_axis_wrapper_0/inst/u_pmdc_top/u_PMDC_model1/u_voltage_model_q/Gain2_mul_temp__1/P[47:0] is not pipelined (PREG=0). Pipelining the DSP48 output will improve performance and often saves power so it is suggested whenever possible to fully pipeline this function.  If this DSP48 function was inferred, it is suggested to describe an additional register stage after this function.  If the DSP48 was instantiated in the design, it is suggested to set the PREG attribute to 1.
Related violations: <none>

DPOP-1#12 Warning
PREG Output pipelining  
DSP design_1_i/pmdc_axis_wrapper_0/inst/u_pmdc_top/u_PMDC_model1/u_voltage_model_q/Gain2_mul_temp__2 output design_1_i/pmdc_axis_wrapper_0/inst/u_pmdc_top/u_PMDC_model1/u_voltage_model_q/Gain2_mul_temp__2/P[47:0] is not pipelined (PREG=0). Pipelining the DSP48 output will improve performance and often saves power so it is suggested whenever possible to fully pipeline this function.  If this DSP48 function was inferred, it is suggested to describe an additional register stage after this function.  If the DSP48 was instantiated in the design, it is suggested to set the PREG attribute to 1.
Related violations: <none>

DPOP-1#13 Warning
PREG Output pipelining  
DSP design_1_i/pmdc_axis_wrapper_0/inst/u_pmdc_top/u_PMDC_model1/u_voltage_model_q/Gain4_mul_temp output design_1_i/pmdc_axis_wrapper_0/inst/u_pmdc_top/u_PMDC_model1/u_voltage_model_q/Gain4_mul_temp/P[47:0] is not pipelined (PREG=0). Pipelining the DSP48 output will improve performance and often saves power so it is suggested whenever possible to fully pipeline this function.  If this DSP48 function was inferred, it is suggested to describe an additional register stage after this function.  If the DSP48 was instantiated in the design, it is suggested to set the PREG attribute to 1.
Related violations: <none>

DPOP-1#14 Warning
PREG Output pipelining  
DSP design_1_i/pmdc_axis_wrapper_0/inst/u_pmdc_top/u_PMDC_model1/u_voltage_model_q/Gain4_mul_temp__0 output design_1_i/pmdc_axis_wrapper_0/inst/u_pmdc_top/u_PMDC_model1/u_voltage_model_q/Gain4_mul_temp__0/P[47:0] is not pipelined (PREG=0). Pipelining the DSP48 output will improve performance and often saves power so it is suggested whenever possible to fully pipeline this function.  If this DSP48 function was inferred, it is suggested to describe an additional register stage after this function.  If the DSP48 was instantiated in the design, it is suggested to set the PREG attribute to 1.
Related violations: <none>

DPOP-1#15 Warning
PREG Output pipelining  
DSP design_1_i/pmdc_axis_wrapper_0/inst/u_pmdc_top/u_PMDC_model1/u_voltage_model_q/Gain4_mul_temp__1 output design_1_i/pmdc_axis_wrapper_0/inst/u_pmdc_top/u_PMDC_model1/u_voltage_model_q/Gain4_mul_temp__1/P[47:0] is not pipelined (PREG=0). Pipelining the DSP48 output will improve performance and often saves power so it is suggested whenever possible to fully pipeline this function.  If this DSP48 function was inferred, it is suggested to describe an additional register stage after this function.  If the DSP48 was instantiated in the design, it is suggested to set the PREG attribute to 1.
Related violations: <none>

DPOP-1#16 Warning
PREG Output pipelining  
DSP design_1_i/pmdc_axis_wrapper_0/inst/u_pmdc_top/u_PMDC_model1/u_voltage_model_q/Gain4_mul_temp__2 output design_1_i/pmdc_axis_wrapper_0/inst/u_pmdc_top/u_PMDC_model1/u_voltage_model_q/Gain4_mul_temp__2/P[47:0] is not pipelined (PREG=0). Pipelining the DSP48 output will improve performance and often saves power so it is suggested whenever possible to fully pipeline this function.  If this DSP48 function was inferred, it is suggested to describe an additional register stage after this function.  If the DSP48 was instantiated in the design, it is suggested to set the PREG attribute to 1.
Related violations: <none>

DPOP-1#17 Warning
PREG Output pipelining  
DSP design_1_i/pmdc_axis_wrapper_0/inst/u_pmdc_top/u_PMDC_model1/u_voltage_model_q/Gain5_mul_temp output design_1_i/pmdc_axis_wrapper_0/inst/u_pmdc_top/u_PMDC_model1/u_voltage_model_q/Gain5_mul_temp/P[47:0] is not pipelined (PREG=0). Pipelining the DSP48 output will improve performance and often saves power so it is suggested whenever possible to fully pipeline this function.  If this DSP48 function was inferred, it is suggested to describe an additional register stage after this function.  If the DSP48 was instantiated in the design, it is suggested to set the PREG attribute to 1.
Related violations: <none>

DPOP-1#18 Warning
PREG Output pipelining  
DSP design_1_i/pmdc_axis_wrapper_0/inst/u_pmdc_top/u_PMDC_model1/u_voltage_model_q/Gain5_mul_temp__1 output design_1_i/pmdc_axis_wrapper_0/inst/u_pmdc_top/u_PMDC_model1/u_voltage_model_q/Gain5_mul_temp__1/P[47:0] is not pipelined (PREG=0). Pipelining the DSP48 output will improve performance and often saves power so it is suggested whenever possible to fully pipeline this function.  If this DSP48 function was inferred, it is suggested to describe an additional register stage after this function.  If the DSP48 was instantiated in the design, it is suggested to set the PREG attribute to 1.
Related violations: <none>

DPOP-2#1 Warning
MREG Output pipelining  
DSP design_1_i/pmdc_axis_wrapper_0/inst/u_pmdc_top/u_PMDC_model1/u_Torque_model/Product_out1 multiplier stage design_1_i/pmdc_axis_wrapper_0/inst/u_pmdc_top/u_PMDC_model1/u_Torque_model/Product_out1/P[47:0] is not pipelined (MREG=0). Pipelining the multiplier function will improve performance and will save significant power so it is suggested whenever possible to fully pipeline this function.  If this multiplier was inferred, it is suggested to describe an additional register stage after this function.  If there is no registered adder/accumulator following the multiply function, two pipeline stages are suggested to allow both the MREG and PREG registers to be used.  If the DSP48 was instantiated in the design, it is suggested to set both the MREG and PREG attributes to 1 when performing multiply functions.
Related violations: <none>

DPOP-2#2 Warning
MREG Output pipelining  
DSP design_1_i/pmdc_axis_wrapper_0/inst/u_pmdc_top/u_PMDC_model1/u_Torque_model/Product_out1__0 multiplier stage design_1_i/pmdc_axis_wrapper_0/inst/u_pmdc_top/u_PMDC_model1/u_Torque_model/Product_out1__0/P[47:0] is not pipelined (MREG=0). Pipelining the multiplier function will improve performance and will save significant power so it is suggested whenever possible to fully pipeline this function.  If this multiplier was inferred, it is suggested to describe an additional register stage after this function.  If there is no registered adder/accumulator following the multiply function, two pipeline stages are suggested to allow both the MREG and PREG registers to be used.  If the DSP48 was instantiated in the design, it is suggested to set both the MREG and PREG attributes to 1 when performing multiply functions.
Related violations: <none>

DPOP-2#3 Warning
MREG Output pipelining  
DSP design_1_i/pmdc_axis_wrapper_0/inst/u_pmdc_top/u_PMDC_model1/u_Torque_model/Product_out1__1 multiplier stage design_1_i/pmdc_axis_wrapper_0/inst/u_pmdc_top/u_PMDC_model1/u_Torque_model/Product_out1__1/P[47:0] is not pipelined (MREG=0). Pipelining the multiplier function will improve performance and will save significant power so it is suggested whenever possible to fully pipeline this function.  If this multiplier was inferred, it is suggested to describe an additional register stage after this function.  If there is no registered adder/accumulator following the multiply function, two pipeline stages are suggested to allow both the MREG and PREG registers to be used.  If the DSP48 was instantiated in the design, it is suggested to set both the MREG and PREG attributes to 1 when performing multiply functions.
Related violations: <none>

DPOP-2#4 Warning
MREG Output pipelining  
DSP design_1_i/pmdc_axis_wrapper_0/inst/u_pmdc_top/u_PMDC_model1/u_Torque_model/Product_out1__2 multiplier stage design_1_i/pmdc_axis_wrapper_0/inst/u_pmdc_top/u_PMDC_model1/u_Torque_model/Product_out1__2/P[47:0] is not pipelined (MREG=0). Pipelining the multiplier function will improve performance and will save significant power so it is suggested whenever possible to fully pipeline this function.  If this multiplier was inferred, it is suggested to describe an additional register stage after this function.  If there is no registered adder/accumulator following the multiply function, two pipeline stages are suggested to allow both the MREG and PREG registers to be used.  If the DSP48 was instantiated in the design, it is suggested to set both the MREG and PREG attributes to 1 when performing multiply functions.
Related violations: <none>

DPOP-2#5 Warning
MREG Output pipelining  
DSP design_1_i/pmdc_axis_wrapper_0/inst/u_pmdc_top/u_PMDC_model1/u_mech_model/Gain6_mul_temp multiplier stage design_1_i/pmdc_axis_wrapper_0/inst/u_pmdc_top/u_PMDC_model1/u_mech_model/Gain6_mul_temp/P[47:0] is not pipelined (MREG=0). Pipelining the multiplier function will improve performance and will save significant power so it is suggested whenever possible to fully pipeline this function.  If this multiplier was inferred, it is suggested to describe an additional register stage after this function.  If there is no registered adder/accumulator following the multiply function, two pipeline stages are suggested to allow both the MREG and PREG registers to be used.  If the DSP48 was instantiated in the design, it is suggested to set both the MREG and PREG attributes to 1 when performing multiply functions.
Related violations: <none>

DPOP-2#6 Warning
MREG Output pipelining  
DSP design_1_i/pmdc_axis_wrapper_0/inst/u_pmdc_top/u_PMDC_model1/u_mech_model/Gain6_mul_temp__0 multiplier stage design_1_i/pmdc_axis_wrapper_0/inst/u_pmdc_top/u_PMDC_model1/u_mech_model/Gain6_mul_temp__0/P[47:0] is not pipelined (MREG=0). Pipelining the multiplier function will improve performance and will save significant power so it is suggested whenever possible to fully pipeline this function.  If this multiplier was inferred, it is suggested to describe an additional register stage after this function.  If there is no registered adder/accumulator following the multiply function, two pipeline stages are suggested to allow both the MREG and PREG registers to be used.  If the DSP48 was instantiated in the design, it is suggested to set both the MREG and PREG attributes to 1 when performing multiply functions.
Related violations: <none>

DPOP-2#7 Warning
MREG Output pipelining  
DSP design_1_i/pmdc_axis_wrapper_0/inst/u_pmdc_top/u_PMDC_model1/u_mech_model/Gain6_mul_temp__1 multiplier stage design_1_i/pmdc_axis_wrapper_0/inst/u_pmdc_top/u_PMDC_model1/u_mech_model/Gain6_mul_temp__1/P[47:0] is not pipelined (MREG=0). Pipelining the multiplier function will improve performance and will save significant power so it is suggested whenever possible to fully pipeline this function.  If this multiplier was inferred, it is suggested to describe an additional register stage after this function.  If there is no registered adder/accumulator following the multiply function, two pipeline stages are suggested to allow both the MREG and PREG registers to be used.  If the DSP48 was instantiated in the design, it is suggested to set both the MREG and PREG attributes to 1 when performing multiply functions.
Related violations: <none>

DPOP-2#8 Warning
MREG Output pipelining  
DSP design_1_i/pmdc_axis_wrapper_0/inst/u_pmdc_top/u_PMDC_model1/u_mech_model/Gain6_mul_temp__2 multiplier stage design_1_i/pmdc_axis_wrapper_0/inst/u_pmdc_top/u_PMDC_model1/u_mech_model/Gain6_mul_temp__2/P[47:0] is not pipelined (MREG=0). Pipelining the multiplier function will improve performance and will save significant power so it is suggested whenever possible to fully pipeline this function.  If this multiplier was inferred, it is suggested to describe an additional register stage after this function.  If there is no registered adder/accumulator following the multiply function, two pipeline stages are suggested to allow both the MREG and PREG registers to be used.  If the DSP48 was instantiated in the design, it is suggested to set both the MREG and PREG attributes to 1 when performing multiply functions.
Related violations: <none>

DPOP-2#9 Warning
MREG Output pipelining  
DSP design_1_i/pmdc_axis_wrapper_0/inst/u_pmdc_top/u_PMDC_model1/u_mech_model/Gain8_mul_temp multiplier stage design_1_i/pmdc_axis_wrapper_0/inst/u_pmdc_top/u_PMDC_model1/u_mech_model/Gain8_mul_temp/P[47:0] is not pipelined (MREG=0). Pipelining the multiplier function will improve performance and will save significant power so it is suggested whenever possible to fully pipeline this function.  If this multiplier was inferred, it is suggested to describe an additional register stage after this function.  If there is no registered adder/accumulator following the multiply function, two pipeline stages are suggested to allow both the MREG and PREG registers to be used.  If the DSP48 was instantiated in the design, it is suggested to set both the MREG and PREG attributes to 1 when performing multiply functions.
Related violations: <none>

DPOP-2#10 Warning
MREG Output pipelining  
DSP design_1_i/pmdc_axis_wrapper_0/inst/u_pmdc_top/u_PMDC_model1/u_mech_model/Gain8_mul_temp__0 multiplier stage design_1_i/pmdc_axis_wrapper_0/inst/u_pmdc_top/u_PMDC_model1/u_mech_model/Gain8_mul_temp__0/P[47:0] is not pipelined (MREG=0). Pipelining the multiplier function will improve performance and will save significant power so it is suggested whenever possible to fully pipeline this function.  If this multiplier was inferred, it is suggested to describe an additional register stage after this function.  If there is no registered adder/accumulator following the multiply function, two pipeline stages are suggested to allow both the MREG and PREG registers to be used.  If the DSP48 was instantiated in the design, it is suggested to set both the MREG and PREG attributes to 1 when performing multiply functions.
Related violations: <none>

DPOP-2#11 Warning
MREG Output pipelining  
DSP design_1_i/pmdc_axis_wrapper_0/inst/u_pmdc_top/u_PMDC_model1/u_mech_model/Gain8_mul_temp__1 multiplier stage design_1_i/pmdc_axis_wrapper_0/inst/u_pmdc_top/u_PMDC_model1/u_mech_model/Gain8_mul_temp__1/P[47:0] is not pipelined (MREG=0). Pipelining the multiplier function will improve performance and will save significant power so it is suggested whenever possible to fully pipeline this function.  If this multiplier was inferred, it is suggested to describe an additional register stage after this function.  If there is no registered adder/accumulator following the multiply function, two pipeline stages are suggested to allow both the MREG and PREG registers to be used.  If the DSP48 was instantiated in the design, it is suggested to set both the MREG and PREG attributes to 1 when performing multiply functions.
Related violations: <none>

DPOP-2#12 Warning
MREG Output pipelining  
DSP design_1_i/pmdc_axis_wrapper_0/inst/u_pmdc_top/u_PMDC_model1/u_mech_model/Gain8_mul_temp__2 multiplier stage design_1_i/pmdc_axis_wrapper_0/inst/u_pmdc_top/u_PMDC_model1/u_mech_model/Gain8_mul_temp__2/P[47:0] is not pipelined (MREG=0). Pipelining the multiplier function will improve performance and will save significant power so it is suggested whenever possible to fully pipeline this function.  If this multiplier was inferred, it is suggested to describe an additional register stage after this function.  If there is no registered adder/accumulator following the multiply function, two pipeline stages are suggested to allow both the MREG and PREG registers to be used.  If the DSP48 was instantiated in the design, it is suggested to set both the MREG and PREG attributes to 1 when performing multiply functions.
Related violations: <none>

DPOP-2#13 Warning
MREG Output pipelining  
DSP design_1_i/pmdc_axis_wrapper_0/inst/u_pmdc_top/u_PMDC_model1/u_voltage_model_q/Gain2_mul_temp multiplier stage design_1_i/pmdc_axis_wrapper_0/inst/u_pmdc_top/u_PMDC_model1/u_voltage_model_q/Gain2_mul_temp/P[47:0] is not pipelined (MREG=0). Pipelining the multiplier function will improve performance and will save significant power so it is suggested whenever possible to fully pipeline this function.  If this multiplier was inferred, it is suggested to describe an additional register stage after this function.  If there is no registered adder/accumulator following the multiply function, two pipeline stages are suggested to allow both the MREG and PREG registers to be used.  If the DSP48 was instantiated in the design, it is suggested to set both the MREG and PREG attributes to 1 when performing multiply functions.
Related violations: <none>

DPOP-2#14 Warning
MREG Output pipelining  
DSP design_1_i/pmdc_axis_wrapper_0/inst/u_pmdc_top/u_PMDC_model1/u_voltage_model_q/Gain2_mul_temp__0 multiplier stage design_1_i/pmdc_axis_wrapper_0/inst/u_pmdc_top/u_PMDC_model1/u_voltage_model_q/Gain2_mul_temp__0/P[47:0] is not pipelined (MREG=0). Pipelining the multiplier function will improve performance and will save significant power so it is suggested whenever possible to fully pipeline this function.  If this multiplier was inferred, it is suggested to describe an additional register stage after this function.  If there is no registered adder/accumulator following the multiply function, two pipeline stages are suggested to allow both the MREG and PREG registers to be used.  If the DSP48 was instantiated in the design, it is suggested to set both the MREG and PREG attributes to 1 when performing multiply functions.
Related violations: <none>

DPOP-2#15 Warning
MREG Output pipelining  
DSP design_1_i/pmdc_axis_wrapper_0/inst/u_pmdc_top/u_PMDC_model1/u_voltage_model_q/Gain2_mul_temp__1 multiplier stage design_1_i/pmdc_axis_wrapper_0/inst/u_pmdc_top/u_PMDC_model1/u_voltage_model_q/Gain2_mul_temp__1/P[47:0] is not pipelined (MREG=0). Pipelining the multiplier function will improve performance and will save significant power so it is suggested whenever possible to fully pipeline this function.  If this multiplier was inferred, it is suggested to describe an additional register stage after this function.  If there is no registered adder/accumulator following the multiply function, two pipeline stages are suggested to allow both the MREG and PREG registers to be used.  If the DSP48 was instantiated in the design, it is suggested to set both the MREG and PREG attributes to 1 when performing multiply functions.
Related violations: <none>

DPOP-2#16 Warning
MREG Output pipelining  
DSP design_1_i/pmdc_axis_wrapper_0/inst/u_pmdc_top/u_PMDC_model1/u_voltage_model_q/Gain2_mul_temp__2 multiplier stage design_1_i/pmdc_axis_wrapper_0/inst/u_pmdc_top/u_PMDC_model1/u_voltage_model_q/Gain2_mul_temp__2/P[47:0] is not pipelined (MREG=0). Pipelining the multiplier function will improve performance and will save significant power so it is suggested whenever possible to fully pipeline this function.  If this multiplier was inferred, it is suggested to describe an additional register stage after this function.  If there is no registered adder/accumulator following the multiply function, two pipeline stages are suggested to allow both the MREG and PREG registers to be used.  If the DSP48 was instantiated in the design, it is suggested to set both the MREG and PREG attributes to 1 when performing multiply functions.
Related violations: <none>

DPOP-2#17 Warning
MREG Output pipelining  
DSP design_1_i/pmdc_axis_wrapper_0/inst/u_pmdc_top/u_PMDC_model1/u_voltage_model_q/Gain4_mul_temp multiplier stage design_1_i/pmdc_axis_wrapper_0/inst/u_pmdc_top/u_PMDC_model1/u_voltage_model_q/Gain4_mul_temp/P[47:0] is not pipelined (MREG=0). Pipelining the multiplier function will improve performance and will save significant power so it is suggested whenever possible to fully pipeline this function.  If this multiplier was inferred, it is suggested to describe an additional register stage after this function.  If there is no registered adder/accumulator following the multiply function, two pipeline stages are suggested to allow both the MREG and PREG registers to be used.  If the DSP48 was instantiated in the design, it is suggested to set both the MREG and PREG attributes to 1 when performing multiply functions.
Related violations: <none>

DPOP-2#18 Warning
MREG Output pipelining  
DSP design_1_i/pmdc_axis_wrapper_0/inst/u_pmdc_top/u_PMDC_model1/u_voltage_model_q/Gain4_mul_temp__0 multiplier stage design_1_i/pmdc_axis_wrapper_0/inst/u_pmdc_top/u_PMDC_model1/u_voltage_model_q/Gain4_mul_temp__0/P[47:0] is not pipelined (MREG=0). Pipelining the multiplier function will improve performance and will save significant power so it is suggested whenever possible to fully pipeline this function.  If this multiplier was inferred, it is suggested to describe an additional register stage after this function.  If there is no registered adder/accumulator following the multiply function, two pipeline stages are suggested to allow both the MREG and PREG registers to be used.  If the DSP48 was instantiated in the design, it is suggested to set both the MREG and PREG attributes to 1 when performing multiply functions.
Related violations: <none>

DPOP-2#19 Warning
MREG Output pipelining  
DSP design_1_i/pmdc_axis_wrapper_0/inst/u_pmdc_top/u_PMDC_model1/u_voltage_model_q/Gain4_mul_temp__1 multiplier stage design_1_i/pmdc_axis_wrapper_0/inst/u_pmdc_top/u_PMDC_model1/u_voltage_model_q/Gain4_mul_temp__1/P[47:0] is not pipelined (MREG=0). Pipelining the multiplier function will improve performance and will save significant power so it is suggested whenever possible to fully pipeline this function.  If this multiplier was inferred, it is suggested to describe an additional register stage after this function.  If there is no registered adder/accumulator following the multiply function, two pipeline stages are suggested to allow both the MREG and PREG registers to be used.  If the DSP48 was instantiated in the design, it is suggested to set both the MREG and PREG attributes to 1 when performing multiply functions.
Related violations: <none>

DPOP-2#20 Warning
MREG Output pipelining  
DSP design_1_i/pmdc_axis_wrapper_0/inst/u_pmdc_top/u_PMDC_model1/u_voltage_model_q/Gain4_mul_temp__2 multiplier stage design_1_i/pmdc_axis_wrapper_0/inst/u_pmdc_top/u_PMDC_model1/u_voltage_model_q/Gain4_mul_temp__2/P[47:0] is not pipelined (MREG=0). Pipelining the multiplier function will improve performance and will save significant power so it is suggested whenever possible to fully pipeline this function.  If this multiplier was inferred, it is suggested to describe an additional register stage after this function.  If there is no registered adder/accumulator following the multiply function, two pipeline stages are suggested to allow both the MREG and PREG registers to be used.  If the DSP48 was instantiated in the design, it is suggested to set both the MREG and PREG attributes to 1 when performing multiply functions.
Related violations: <none>

DPOP-2#21 Warning
MREG Output pipelining  
DSP design_1_i/pmdc_axis_wrapper_0/inst/u_pmdc_top/u_PMDC_model1/u_voltage_model_q/Gain5_mul_temp multiplier stage design_1_i/pmdc_axis_wrapper_0/inst/u_pmdc_top/u_PMDC_model1/u_voltage_model_q/Gain5_mul_temp/P[47:0] is not pipelined (MREG=0). Pipelining the multiplier function will improve performance and will save significant power so it is suggested whenever possible to fully pipeline this function.  If this multiplier was inferred, it is suggested to describe an additional register stage after this function.  If there is no registered adder/accumulator following the multiply function, two pipeline stages are suggested to allow both the MREG and PREG registers to be used.  If the DSP48 was instantiated in the design, it is suggested to set both the MREG and PREG attributes to 1 when performing multiply functions.
Related violations: <none>

DPOP-2#22 Warning
MREG Output pipelining  
DSP design_1_i/pmdc_axis_wrapper_0/inst/u_pmdc_top/u_PMDC_model1/u_voltage_model_q/Gain5_mul_temp__0 multiplier stage design_1_i/pmdc_axis_wrapper_0/inst/u_pmdc_top/u_PMDC_model1/u_voltage_model_q/Gain5_mul_temp__0/P[47:0] is not pipelined (MREG=0). Pipelining the multiplier function will improve performance and will save significant power so it is suggested whenever possible to fully pipeline this function.  If this multiplier was inferred, it is suggested to describe an additional register stage after this function.  If there is no registered adder/accumulator following the multiply function, two pipeline stages are suggested to allow both the MREG and PREG registers to be used.  If the DSP48 was instantiated in the design, it is suggested to set both the MREG and PREG attributes to 1 when performing multiply functions.
Related violations: <none>

DPOP-2#23 Warning
MREG Output pipelining  
DSP design_1_i/pmdc_axis_wrapper_0/inst/u_pmdc_top/u_PMDC_model1/u_voltage_model_q/Gain5_mul_temp__1 multiplier stage design_1_i/pmdc_axis_wrapper_0/inst/u_pmdc_top/u_PMDC_model1/u_voltage_model_q/Gain5_mul_temp__1/P[47:0] is not pipelined (MREG=0). Pipelining the multiplier function will improve performance and will save significant power so it is suggested whenever possible to fully pipeline this function.  If this multiplier was inferred, it is suggested to describe an additional register stage after this function.  If there is no registered adder/accumulator following the multiply function, two pipeline stages are suggested to allow both the MREG and PREG registers to be used.  If the DSP48 was instantiated in the design, it is suggested to set both the MREG and PREG attributes to 1 when performing multiply functions.
Related violations: <none>

DPOP-2#24 Warning
MREG Output pipelining  
DSP design_1_i/pmdc_axis_wrapper_0/inst/u_pmdc_top/u_PMDC_model1/u_voltage_model_q/Gain5_mul_temp__2 multiplier stage design_1_i/pmdc_axis_wrapper_0/inst/u_pmdc_top/u_PMDC_model1/u_voltage_model_q/Gain5_mul_temp__2/P[47:0] is not pipelined (MREG=0). Pipelining the multiplier function will improve performance and will save significant power so it is suggested whenever possible to fully pipeline this function.  If this multiplier was inferred, it is suggested to describe an additional register stage after this function.  If there is no registered adder/accumulator following the multiply function, two pipeline stages are suggested to allow both the MREG and PREG registers to be used.  If the DSP48 was instantiated in the design, it is suggested to set both the MREG and PREG attributes to 1 when performing multiply functions.
Related violations: <none>

DPOR-1#1 Warning
Asynchronous load check  
DSP design_1_i/pmdc_axis_wrapper_0/inst/u_pmdc_top/u_PMDC_model1/u_Torque_model/Product_out1 output is connected to registers with an asynchronous reset (design_1_i/pmdc_axis_wrapper_0/inst/u_pmdc_top/u_PMDC_model1/u_Torque_model/rd_1_reg_reg[0][0]). This is preventing the possibility of merging these registers in to the DSP Block since the DSP block registers only possess synchronous reset capability.  It is suggested to recode or change these registers to remove the reset or use a synchronous reset to get the best optimization for performance, power and area.
Related violations: <none>

DPOR-1#2 Warning
Asynchronous load check  
DSP design_1_i/pmdc_axis_wrapper_0/inst/u_pmdc_top/u_PMDC_model1/u_Torque_model/Product_out1 output is connected to registers with an asynchronous reset (design_1_i/pmdc_axis_wrapper_0/inst/u_pmdc_top/u_PMDC_model1/u_Torque_model/rd_1_reg_reg[0][10]). This is preventing the possibility of merging these registers in to the DSP Block since the DSP block registers only possess synchronous reset capability.  It is suggested to recode or change these registers to remove the reset or use a synchronous reset to get the best optimization for performance, power and area.
Related violations: <none>

DPOR-1#3 Warning
Asynchronous load check  
DSP design_1_i/pmdc_axis_wrapper_0/inst/u_pmdc_top/u_PMDC_model1/u_Torque_model/Product_out1 output is connected to registers with an asynchronous reset (design_1_i/pmdc_axis_wrapper_0/inst/u_pmdc_top/u_PMDC_model1/u_Torque_model/rd_1_reg_reg[0][11]). This is preventing the possibility of merging these registers in to the DSP Block since the DSP block registers only possess synchronous reset capability.  It is suggested to recode or change these registers to remove the reset or use a synchronous reset to get the best optimization for performance, power and area.
Related violations: <none>

DPOR-1#4 Warning
Asynchronous load check  
DSP design_1_i/pmdc_axis_wrapper_0/inst/u_pmdc_top/u_PMDC_model1/u_Torque_model/Product_out1 output is connected to registers with an asynchronous reset (design_1_i/pmdc_axis_wrapper_0/inst/u_pmdc_top/u_PMDC_model1/u_Torque_model/rd_1_reg_reg[0][12]). This is preventing the possibility of merging these registers in to the DSP Block since the DSP block registers only possess synchronous reset capability.  It is suggested to recode or change these registers to remove the reset or use a synchronous reset to get the best optimization for performance, power and area.
Related violations: <none>

DPOR-1#5 Warning
Asynchronous load check  
DSP design_1_i/pmdc_axis_wrapper_0/inst/u_pmdc_top/u_PMDC_model1/u_Torque_model/Product_out1 output is connected to registers with an asynchronous reset (design_1_i/pmdc_axis_wrapper_0/inst/u_pmdc_top/u_PMDC_model1/u_Torque_model/rd_1_reg_reg[0][13]). This is preventing the possibility of merging these registers in to the DSP Block since the DSP block registers only possess synchronous reset capability.  It is suggested to recode or change these registers to remove the reset or use a synchronous reset to get the best optimization for performance, power and area.
Related violations: <none>

DPOR-1#6 Warning
Asynchronous load check  
DSP design_1_i/pmdc_axis_wrapper_0/inst/u_pmdc_top/u_PMDC_model1/u_Torque_model/Product_out1 output is connected to registers with an asynchronous reset (design_1_i/pmdc_axis_wrapper_0/inst/u_pmdc_top/u_PMDC_model1/u_Torque_model/rd_1_reg_reg[0][14]). This is preventing the possibility of merging these registers in to the DSP Block since the DSP block registers only possess synchronous reset capability.  It is suggested to recode or change these registers to remove the reset or use a synchronous reset to get the best optimization for performance, power and area.
Related violations: <none>

DPOR-1#7 Warning
Asynchronous load check  
DSP design_1_i/pmdc_axis_wrapper_0/inst/u_pmdc_top/u_PMDC_model1/u_Torque_model/Product_out1 output is connected to registers with an asynchronous reset (design_1_i/pmdc_axis_wrapper_0/inst/u_pmdc_top/u_PMDC_model1/u_Torque_model/rd_1_reg_reg[0][15]). This is preventing the possibility of merging these registers in to the DSP Block since the DSP block registers only possess synchronous reset capability.  It is suggested to recode or change these registers to remove the reset or use a synchronous reset to get the best optimization for performance, power and area.
Related violations: <none>

DPOR-1#8 Warning
Asynchronous load check  
DSP design_1_i/pmdc_axis_wrapper_0/inst/u_pmdc_top/u_PMDC_model1/u_Torque_model/Product_out1 output is connected to registers with an asynchronous reset (design_1_i/pmdc_axis_wrapper_0/inst/u_pmdc_top/u_PMDC_model1/u_Torque_model/rd_1_reg_reg[0][16]). This is preventing the possibility of merging these registers in to the DSP Block since the DSP block registers only possess synchronous reset capability.  It is suggested to recode or change these registers to remove the reset or use a synchronous reset to get the best optimization for performance, power and area.
Related violations: <none>

DPOR-1#9 Warning
Asynchronous load check  
DSP design_1_i/pmdc_axis_wrapper_0/inst/u_pmdc_top/u_PMDC_model1/u_Torque_model/Product_out1 output is connected to registers with an asynchronous reset (design_1_i/pmdc_axis_wrapper_0/inst/u_pmdc_top/u_PMDC_model1/u_Torque_model/rd_1_reg_reg[0][1]). This is preventing the possibility of merging these registers in to the DSP Block since the DSP block registers only possess synchronous reset capability.  It is suggested to recode or change these registers to remove the reset or use a synchronous reset to get the best optimization for performance, power and area.
Related violations: <none>

DPOR-1#10 Warning
Asynchronous load check  
DSP design_1_i/pmdc_axis_wrapper_0/inst/u_pmdc_top/u_PMDC_model1/u_Torque_model/Product_out1 output is connected to registers with an asynchronous reset (design_1_i/pmdc_axis_wrapper_0/inst/u_pmdc_top/u_PMDC_model1/u_Torque_model/rd_1_reg_reg[0][2]). This is preventing the possibility of merging these registers in to the DSP Block since the DSP block registers only possess synchronous reset capability.  It is suggested to recode or change these registers to remove the reset or use a synchronous reset to get the best optimization for performance, power and area.
Related violations: <none>

DPOR-1#11 Warning
Asynchronous load check  
DSP design_1_i/pmdc_axis_wrapper_0/inst/u_pmdc_top/u_PMDC_model1/u_Torque_model/Product_out1 output is connected to registers with an asynchronous reset (design_1_i/pmdc_axis_wrapper_0/inst/u_pmdc_top/u_PMDC_model1/u_Torque_model/rd_1_reg_reg[0][3]). This is preventing the possibility of merging these registers in to the DSP Block since the DSP block registers only possess synchronous reset capability.  It is suggested to recode or change these registers to remove the reset or use a synchronous reset to get the best optimization for performance, power and area.
Related violations: <none>

DPOR-1#12 Warning
Asynchronous load check  
DSP design_1_i/pmdc_axis_wrapper_0/inst/u_pmdc_top/u_PMDC_model1/u_Torque_model/Product_out1 output is connected to registers with an asynchronous reset (design_1_i/pmdc_axis_wrapper_0/inst/u_pmdc_top/u_PMDC_model1/u_Torque_model/rd_1_reg_reg[0][4]). This is preventing the possibility of merging these registers in to the DSP Block since the DSP block registers only possess synchronous reset capability.  It is suggested to recode or change these registers to remove the reset or use a synchronous reset to get the best optimization for performance, power and area.
Related violations: <none>

DPOR-1#13 Warning
Asynchronous load check  
DSP design_1_i/pmdc_axis_wrapper_0/inst/u_pmdc_top/u_PMDC_model1/u_Torque_model/Product_out1 output is connected to registers with an asynchronous reset (design_1_i/pmdc_axis_wrapper_0/inst/u_pmdc_top/u_PMDC_model1/u_Torque_model/rd_1_reg_reg[0][5]). This is preventing the possibility of merging these registers in to the DSP Block since the DSP block registers only possess synchronous reset capability.  It is suggested to recode or change these registers to remove the reset or use a synchronous reset to get the best optimization for performance, power and area.
Related violations: <none>

DPOR-1#14 Warning
Asynchronous load check  
DSP design_1_i/pmdc_axis_wrapper_0/inst/u_pmdc_top/u_PMDC_model1/u_Torque_model/Product_out1 output is connected to registers with an asynchronous reset (design_1_i/pmdc_axis_wrapper_0/inst/u_pmdc_top/u_PMDC_model1/u_Torque_model/rd_1_reg_reg[0][6]). This is preventing the possibility of merging these registers in to the DSP Block since the DSP block registers only possess synchronous reset capability.  It is suggested to recode or change these registers to remove the reset or use a synchronous reset to get the best optimization for performance, power and area.
Related violations: <none>

DPOR-1#15 Warning
Asynchronous load check  
DSP design_1_i/pmdc_axis_wrapper_0/inst/u_pmdc_top/u_PMDC_model1/u_Torque_model/Product_out1 output is connected to registers with an asynchronous reset (design_1_i/pmdc_axis_wrapper_0/inst/u_pmdc_top/u_PMDC_model1/u_Torque_model/rd_1_reg_reg[0][7]). This is preventing the possibility of merging these registers in to the DSP Block since the DSP block registers only possess synchronous reset capability.  It is suggested to recode or change these registers to remove the reset or use a synchronous reset to get the best optimization for performance, power and area.
Related violations: <none>

DPOR-1#16 Warning
Asynchronous load check  
DSP design_1_i/pmdc_axis_wrapper_0/inst/u_pmdc_top/u_PMDC_model1/u_Torque_model/Product_out1 output is connected to registers with an asynchronous reset (design_1_i/pmdc_axis_wrapper_0/inst/u_pmdc_top/u_PMDC_model1/u_Torque_model/rd_1_reg_reg[0][8]). This is preventing the possibility of merging these registers in to the DSP Block since the DSP block registers only possess synchronous reset capability.  It is suggested to recode or change these registers to remove the reset or use a synchronous reset to get the best optimization for performance, power and area.
Related violations: <none>

DPOR-1#17 Warning
Asynchronous load check  
DSP design_1_i/pmdc_axis_wrapper_0/inst/u_pmdc_top/u_PMDC_model1/u_Torque_model/Product_out1 output is connected to registers with an asynchronous reset (design_1_i/pmdc_axis_wrapper_0/inst/u_pmdc_top/u_PMDC_model1/u_Torque_model/rd_1_reg_reg[0][9]). This is preventing the possibility of merging these registers in to the DSP Block since the DSP block registers only possess synchronous reset capability.  It is suggested to recode or change these registers to remove the reset or use a synchronous reset to get the best optimization for performance, power and area.
Related violations: <none>

DPOR-1#18 Warning
Asynchronous load check  
DSP design_1_i/pmdc_axis_wrapper_0/inst/u_pmdc_top/u_PMDC_model1/u_Torque_model/Product_out1__1 output is connected to registers with an asynchronous reset (design_1_i/pmdc_axis_wrapper_0/inst/u_pmdc_top/u_PMDC_model1/u_Torque_model/rd_1_reg_reg[0][16]__1). This is preventing the possibility of merging these registers in to the DSP Block since the DSP block registers only possess synchronous reset capability.  It is suggested to recode or change these registers to remove the reset or use a synchronous reset to get the best optimization for performance, power and area.
Related violations: <none>

DPOR-1#19 Warning
Asynchronous load check  
DSP design_1_i/pmdc_axis_wrapper_0/inst/u_pmdc_top/u_PMDC_model1/u_mech_model/Gain8_mul_temp output is connected to registers with an asynchronous reset (design_1_i/pmdc_axis_wrapper_0/inst/u_pmdc_top/u_PMDC_model1/u_mech_model/Gain8_out1_1_reg[0]). This is preventing the possibility of merging these registers in to the DSP Block since the DSP block registers only possess synchronous reset capability.  It is suggested to recode or change these registers to remove the reset or use a synchronous reset to get the best optimization for performance, power and area.
Related violations: <none>

DPOR-1#20 Warning
Asynchronous load check  
DSP design_1_i/pmdc_axis_wrapper_0/inst/u_pmdc_top/u_PMDC_model1/u_mech_model/Gain8_mul_temp output is connected to registers with an asynchronous reset (design_1_i/pmdc_axis_wrapper_0/inst/u_pmdc_top/u_PMDC_model1/u_mech_model/Gain8_out1_1_reg[10]). This is preventing the possibility of merging these registers in to the DSP Block since the DSP block registers only possess synchronous reset capability.  It is suggested to recode or change these registers to remove the reset or use a synchronous reset to get the best optimization for performance, power and area.
Related violations: <none>

DPOR-1#21 Warning
Asynchronous load check  
DSP design_1_i/pmdc_axis_wrapper_0/inst/u_pmdc_top/u_PMDC_model1/u_mech_model/Gain8_mul_temp output is connected to registers with an asynchronous reset (design_1_i/pmdc_axis_wrapper_0/inst/u_pmdc_top/u_PMDC_model1/u_mech_model/Gain8_out1_1_reg[11]). This is preventing the possibility of merging these registers in to the DSP Block since the DSP block registers only possess synchronous reset capability.  It is suggested to recode or change these registers to remove the reset or use a synchronous reset to get the best optimization for performance, power and area.
Related violations: <none>

DPOR-1#22 Warning
Asynchronous load check  
DSP design_1_i/pmdc_axis_wrapper_0/inst/u_pmdc_top/u_PMDC_model1/u_mech_model/Gain8_mul_temp output is connected to registers with an asynchronous reset (design_1_i/pmdc_axis_wrapper_0/inst/u_pmdc_top/u_PMDC_model1/u_mech_model/Gain8_out1_1_reg[12]). This is preventing the possibility of merging these registers in to the DSP Block since the DSP block registers only possess synchronous reset capability.  It is suggested to recode or change these registers to remove the reset or use a synchronous reset to get the best optimization for performance, power and area.
Related violations: <none>

DPOR-1#23 Warning
Asynchronous load check  
DSP design_1_i/pmdc_axis_wrapper_0/inst/u_pmdc_top/u_PMDC_model1/u_mech_model/Gain8_mul_temp output is connected to registers with an asynchronous reset (design_1_i/pmdc_axis_wrapper_0/inst/u_pmdc_top/u_PMDC_model1/u_mech_model/Gain8_out1_1_reg[13]). This is preventing the possibility of merging these registers in to the DSP Block since the DSP block registers only possess synchronous reset capability.  It is suggested to recode or change these registers to remove the reset or use a synchronous reset to get the best optimization for performance, power and area.
Related violations: <none>

DPOR-1#24 Warning
Asynchronous load check  
DSP design_1_i/pmdc_axis_wrapper_0/inst/u_pmdc_top/u_PMDC_model1/u_mech_model/Gain8_mul_temp output is connected to registers with an asynchronous reset (design_1_i/pmdc_axis_wrapper_0/inst/u_pmdc_top/u_PMDC_model1/u_mech_model/Gain8_out1_1_reg[14]). This is preventing the possibility of merging these registers in to the DSP Block since the DSP block registers only possess synchronous reset capability.  It is suggested to recode or change these registers to remove the reset or use a synchronous reset to get the best optimization for performance, power and area.
Related violations: <none>

DPOR-1#25 Warning
Asynchronous load check  
DSP design_1_i/pmdc_axis_wrapper_0/inst/u_pmdc_top/u_PMDC_model1/u_mech_model/Gain8_mul_temp output is connected to registers with an asynchronous reset (design_1_i/pmdc_axis_wrapper_0/inst/u_pmdc_top/u_PMDC_model1/u_mech_model/Gain8_out1_1_reg[15]). This is preventing the possibility of merging these registers in to the DSP Block since the DSP block registers only possess synchronous reset capability.  It is suggested to recode or change these registers to remove the reset or use a synchronous reset to get the best optimization for performance, power and area.
Related violations: <none>

DPOR-1#26 Warning
Asynchronous load check  
DSP design_1_i/pmdc_axis_wrapper_0/inst/u_pmdc_top/u_PMDC_model1/u_mech_model/Gain8_mul_temp output is connected to registers with an asynchronous reset (design_1_i/pmdc_axis_wrapper_0/inst/u_pmdc_top/u_PMDC_model1/u_mech_model/Gain8_out1_1_reg[16]). This is preventing the possibility of merging these registers in to the DSP Block since the DSP block registers only possess synchronous reset capability.  It is suggested to recode or change these registers to remove the reset or use a synchronous reset to get the best optimization for performance, power and area.
Related violations: <none>

DPOR-1#27 Warning
Asynchronous load check  
DSP design_1_i/pmdc_axis_wrapper_0/inst/u_pmdc_top/u_PMDC_model1/u_mech_model/Gain8_mul_temp output is connected to registers with an asynchronous reset (design_1_i/pmdc_axis_wrapper_0/inst/u_pmdc_top/u_PMDC_model1/u_mech_model/Gain8_out1_1_reg[1]). This is preventing the possibility of merging these registers in to the DSP Block since the DSP block registers only possess synchronous reset capability.  It is suggested to recode or change these registers to remove the reset or use a synchronous reset to get the best optimization for performance, power and area.
Related violations: <none>

DPOR-1#28 Warning
Asynchronous load check  
DSP design_1_i/pmdc_axis_wrapper_0/inst/u_pmdc_top/u_PMDC_model1/u_mech_model/Gain8_mul_temp output is connected to registers with an asynchronous reset (design_1_i/pmdc_axis_wrapper_0/inst/u_pmdc_top/u_PMDC_model1/u_mech_model/Gain8_out1_1_reg[2]). This is preventing the possibility of merging these registers in to the DSP Block since the DSP block registers only possess synchronous reset capability.  It is suggested to recode or change these registers to remove the reset or use a synchronous reset to get the best optimization for performance, power and area.
Related violations: <none>

DPOR-1#29 Warning
Asynchronous load check  
DSP design_1_i/pmdc_axis_wrapper_0/inst/u_pmdc_top/u_PMDC_model1/u_mech_model/Gain8_mul_temp output is connected to registers with an asynchronous reset (design_1_i/pmdc_axis_wrapper_0/inst/u_pmdc_top/u_PMDC_model1/u_mech_model/Gain8_out1_1_reg[3]). This is preventing the possibility of merging these registers in to the DSP Block since the DSP block registers only possess synchronous reset capability.  It is suggested to recode or change these registers to remove the reset or use a synchronous reset to get the best optimization for performance, power and area.
Related violations: <none>

DPOR-1#30 Warning
Asynchronous load check  
DSP design_1_i/pmdc_axis_wrapper_0/inst/u_pmdc_top/u_PMDC_model1/u_mech_model/Gain8_mul_temp output is connected to registers with an asynchronous reset (design_1_i/pmdc_axis_wrapper_0/inst/u_pmdc_top/u_PMDC_model1/u_mech_model/Gain8_out1_1_reg[4]). This is preventing the possibility of merging these registers in to the DSP Block since the DSP block registers only possess synchronous reset capability.  It is suggested to recode or change these registers to remove the reset or use a synchronous reset to get the best optimization for performance, power and area.
Related violations: <none>

DPOR-1#31 Warning
Asynchronous load check  
DSP design_1_i/pmdc_axis_wrapper_0/inst/u_pmdc_top/u_PMDC_model1/u_mech_model/Gain8_mul_temp output is connected to registers with an asynchronous reset (design_1_i/pmdc_axis_wrapper_0/inst/u_pmdc_top/u_PMDC_model1/u_mech_model/Gain8_out1_1_reg[5]). This is preventing the possibility of merging these registers in to the DSP Block since the DSP block registers only possess synchronous reset capability.  It is suggested to recode or change these registers to remove the reset or use a synchronous reset to get the best optimization for performance, power and area.
Related violations: <none>

DPOR-1#32 Warning
Asynchronous load check  
DSP design_1_i/pmdc_axis_wrapper_0/inst/u_pmdc_top/u_PMDC_model1/u_mech_model/Gain8_mul_temp output is connected to registers with an asynchronous reset (design_1_i/pmdc_axis_wrapper_0/inst/u_pmdc_top/u_PMDC_model1/u_mech_model/Gain8_out1_1_reg[6]). This is preventing the possibility of merging these registers in to the DSP Block since the DSP block registers only possess synchronous reset capability.  It is suggested to recode or change these registers to remove the reset or use a synchronous reset to get the best optimization for performance, power and area.
Related violations: <none>

DPOR-1#33 Warning
Asynchronous load check  
DSP design_1_i/pmdc_axis_wrapper_0/inst/u_pmdc_top/u_PMDC_model1/u_mech_model/Gain8_mul_temp output is connected to registers with an asynchronous reset (design_1_i/pmdc_axis_wrapper_0/inst/u_pmdc_top/u_PMDC_model1/u_mech_model/Gain8_out1_1_reg[7]). This is preventing the possibility of merging these registers in to the DSP Block since the DSP block registers only possess synchronous reset capability.  It is suggested to recode or change these registers to remove the reset or use a synchronous reset to get the best optimization for performance, power and area.
Related violations: <none>

DPOR-1#34 Warning
Asynchronous load check  
DSP design_1_i/pmdc_axis_wrapper_0/inst/u_pmdc_top/u_PMDC_model1/u_mech_model/Gain8_mul_temp output is connected to registers with an asynchronous reset (design_1_i/pmdc_axis_wrapper_0/inst/u_pmdc_top/u_PMDC_model1/u_mech_model/Gain8_out1_1_reg[8]). This is preventing the possibility of merging these registers in to the DSP Block since the DSP block registers only possess synchronous reset capability.  It is suggested to recode or change these registers to remove the reset or use a synchronous reset to get the best optimization for performance, power and area.
Related violations: <none>

DPOR-1#35 Warning
Asynchronous load check  
DSP design_1_i/pmdc_axis_wrapper_0/inst/u_pmdc_top/u_PMDC_model1/u_mech_model/Gain8_mul_temp output is connected to registers with an asynchronous reset (design_1_i/pmdc_axis_wrapper_0/inst/u_pmdc_top/u_PMDC_model1/u_mech_model/Gain8_out1_1_reg[9]). This is preventing the possibility of merging these registers in to the DSP Block since the DSP block registers only possess synchronous reset capability.  It is suggested to recode or change these registers to remove the reset or use a synchronous reset to get the best optimization for performance, power and area.
Related violations: <none>

DPOR-1#36 Warning
Asynchronous load check  
DSP design_1_i/pmdc_axis_wrapper_0/inst/u_pmdc_top/u_PMDC_model1/u_mech_model/Gain8_mul_temp__1 output is connected to registers with an asynchronous reset (design_1_i/pmdc_axis_wrapper_0/inst/u_pmdc_top/u_PMDC_model1/u_mech_model/Gain8_out1_1_reg[16]__1). This is preventing the possibility of merging these registers in to the DSP Block since the DSP block registers only possess synchronous reset capability.  It is suggested to recode or change these registers to remove the reset or use a synchronous reset to get the best optimization for performance, power and area.
Related violations: <none>

DPOR-1#37 Warning
Asynchronous load check  
DSP design_1_i/pmdc_axis_wrapper_0/inst/u_pmdc_top/u_PMDC_model1/u_voltage_model_q/Gain5_mul_temp output is connected to registers with an asynchronous reset (design_1_i/pmdc_axis_wrapper_0/inst/u_pmdc_top/u_PMDC_model1/u_voltage_model_q/Gain5_out1_1_reg[0]). This is preventing the possibility of merging these registers in to the DSP Block since the DSP block registers only possess synchronous reset capability.  It is suggested to recode or change these registers to remove the reset or use a synchronous reset to get the best optimization for performance, power and area.
Related violations: <none>

DPOR-1#38 Warning
Asynchronous load check  
DSP design_1_i/pmdc_axis_wrapper_0/inst/u_pmdc_top/u_PMDC_model1/u_voltage_model_q/Gain5_mul_temp output is connected to registers with an asynchronous reset (design_1_i/pmdc_axis_wrapper_0/inst/u_pmdc_top/u_PMDC_model1/u_voltage_model_q/Gain5_out1_1_reg[10]). This is preventing the possibility of merging these registers in to the DSP Block since the DSP block registers only possess synchronous reset capability.  It is suggested to recode or change these registers to remove the reset or use a synchronous reset to get the best optimization for performance, power and area.
Related violations: <none>

DPOR-1#39 Warning
Asynchronous load check  
DSP design_1_i/pmdc_axis_wrapper_0/inst/u_pmdc_top/u_PMDC_model1/u_voltage_model_q/Gain5_mul_temp output is connected to registers with an asynchronous reset (design_1_i/pmdc_axis_wrapper_0/inst/u_pmdc_top/u_PMDC_model1/u_voltage_model_q/Gain5_out1_1_reg[11]). This is preventing the possibility of merging these registers in to the DSP Block since the DSP block registers only possess synchronous reset capability.  It is suggested to recode or change these registers to remove the reset or use a synchronous reset to get the best optimization for performance, power and area.
Related violations: <none>

DPOR-1#40 Warning
Asynchronous load check  
DSP design_1_i/pmdc_axis_wrapper_0/inst/u_pmdc_top/u_PMDC_model1/u_voltage_model_q/Gain5_mul_temp output is connected to registers with an asynchronous reset (design_1_i/pmdc_axis_wrapper_0/inst/u_pmdc_top/u_PMDC_model1/u_voltage_model_q/Gain5_out1_1_reg[12]). This is preventing the possibility of merging these registers in to the DSP Block since the DSP block registers only possess synchronous reset capability.  It is suggested to recode or change these registers to remove the reset or use a synchronous reset to get the best optimization for performance, power and area.
Related violations: <none>

DPOR-1#41 Warning
Asynchronous load check  
DSP design_1_i/pmdc_axis_wrapper_0/inst/u_pmdc_top/u_PMDC_model1/u_voltage_model_q/Gain5_mul_temp output is connected to registers with an asynchronous reset (design_1_i/pmdc_axis_wrapper_0/inst/u_pmdc_top/u_PMDC_model1/u_voltage_model_q/Gain5_out1_1_reg[13]). This is preventing the possibility of merging these registers in to the DSP Block since the DSP block registers only possess synchronous reset capability.  It is suggested to recode or change these registers to remove the reset or use a synchronous reset to get the best optimization for performance, power and area.
Related violations: <none>

DPOR-1#42 Warning
Asynchronous load check  
DSP design_1_i/pmdc_axis_wrapper_0/inst/u_pmdc_top/u_PMDC_model1/u_voltage_model_q/Gain5_mul_temp output is connected to registers with an asynchronous reset (design_1_i/pmdc_axis_wrapper_0/inst/u_pmdc_top/u_PMDC_model1/u_voltage_model_q/Gain5_out1_1_reg[14]). This is preventing the possibility of merging these registers in to the DSP Block since the DSP block registers only possess synchronous reset capability.  It is suggested to recode or change these registers to remove the reset or use a synchronous reset to get the best optimization for performance, power and area.
Related violations: <none>

DPOR-1#43 Warning
Asynchronous load check  
DSP design_1_i/pmdc_axis_wrapper_0/inst/u_pmdc_top/u_PMDC_model1/u_voltage_model_q/Gain5_mul_temp output is connected to registers with an asynchronous reset (design_1_i/pmdc_axis_wrapper_0/inst/u_pmdc_top/u_PMDC_model1/u_voltage_model_q/Gain5_out1_1_reg[15]). This is preventing the possibility of merging these registers in to the DSP Block since the DSP block registers only possess synchronous reset capability.  It is suggested to recode or change these registers to remove the reset or use a synchronous reset to get the best optimization for performance, power and area.
Related violations: <none>

DPOR-1#44 Warning
Asynchronous load check  
DSP design_1_i/pmdc_axis_wrapper_0/inst/u_pmdc_top/u_PMDC_model1/u_voltage_model_q/Gain5_mul_temp output is connected to registers with an asynchronous reset (design_1_i/pmdc_axis_wrapper_0/inst/u_pmdc_top/u_PMDC_model1/u_voltage_model_q/Gain5_out1_1_reg[16]). This is preventing the possibility of merging these registers in to the DSP Block since the DSP block registers only possess synchronous reset capability.  It is suggested to recode or change these registers to remove the reset or use a synchronous reset to get the best optimization for performance, power and area.
Related violations: <none>

DPOR-1#45 Warning
Asynchronous load check  
DSP design_1_i/pmdc_axis_wrapper_0/inst/u_pmdc_top/u_PMDC_model1/u_voltage_model_q/Gain5_mul_temp output is connected to registers with an asynchronous reset (design_1_i/pmdc_axis_wrapper_0/inst/u_pmdc_top/u_PMDC_model1/u_voltage_model_q/Gain5_out1_1_reg[1]). This is preventing the possibility of merging these registers in to the DSP Block since the DSP block registers only possess synchronous reset capability.  It is suggested to recode or change these registers to remove the reset or use a synchronous reset to get the best optimization for performance, power and area.
Related violations: <none>

DPOR-1#46 Warning
Asynchronous load check  
DSP design_1_i/pmdc_axis_wrapper_0/inst/u_pmdc_top/u_PMDC_model1/u_voltage_model_q/Gain5_mul_temp output is connected to registers with an asynchronous reset (design_1_i/pmdc_axis_wrapper_0/inst/u_pmdc_top/u_PMDC_model1/u_voltage_model_q/Gain5_out1_1_reg[2]). This is preventing the possibility of merging these registers in to the DSP Block since the DSP block registers only possess synchronous reset capability.  It is suggested to recode or change these registers to remove the reset or use a synchronous reset to get the best optimization for performance, power and area.
Related violations: <none>

DPOR-1#47 Warning
Asynchronous load check  
DSP design_1_i/pmdc_axis_wrapper_0/inst/u_pmdc_top/u_PMDC_model1/u_voltage_model_q/Gain5_mul_temp output is connected to registers with an asynchronous reset (design_1_i/pmdc_axis_wrapper_0/inst/u_pmdc_top/u_PMDC_model1/u_voltage_model_q/Gain5_out1_1_reg[3]). This is preventing the possibility of merging these registers in to the DSP Block since the DSP block registers only possess synchronous reset capability.  It is suggested to recode or change these registers to remove the reset or use a synchronous reset to get the best optimization for performance, power and area.
Related violations: <none>

DPOR-1#48 Warning
Asynchronous load check  
DSP design_1_i/pmdc_axis_wrapper_0/inst/u_pmdc_top/u_PMDC_model1/u_voltage_model_q/Gain5_mul_temp output is connected to registers with an asynchronous reset (design_1_i/pmdc_axis_wrapper_0/inst/u_pmdc_top/u_PMDC_model1/u_voltage_model_q/Gain5_out1_1_reg[4]). This is preventing the possibility of merging these registers in to the DSP Block since the DSP block registers only possess synchronous reset capability.  It is suggested to recode or change these registers to remove the reset or use a synchronous reset to get the best optimization for performance, power and area.
Related violations: <none>

DPOR-1#49 Warning
Asynchronous load check  
DSP design_1_i/pmdc_axis_wrapper_0/inst/u_pmdc_top/u_PMDC_model1/u_voltage_model_q/Gain5_mul_temp output is connected to registers with an asynchronous reset (design_1_i/pmdc_axis_wrapper_0/inst/u_pmdc_top/u_PMDC_model1/u_voltage_model_q/Gain5_out1_1_reg[5]). This is preventing the possibility of merging these registers in to the DSP Block since the DSP block registers only possess synchronous reset capability.  It is suggested to recode or change these registers to remove the reset or use a synchronous reset to get the best optimization for performance, power and area.
Related violations: <none>

DPOR-1#50 Warning
Asynchronous load check  
DSP design_1_i/pmdc_axis_wrapper_0/inst/u_pmdc_top/u_PMDC_model1/u_voltage_model_q/Gain5_mul_temp output is connected to registers with an asynchronous reset (design_1_i/pmdc_axis_wrapper_0/inst/u_pmdc_top/u_PMDC_model1/u_voltage_model_q/Gain5_out1_1_reg[6]). This is preventing the possibility of merging these registers in to the DSP Block since the DSP block registers only possess synchronous reset capability.  It is suggested to recode or change these registers to remove the reset or use a synchronous reset to get the best optimization for performance, power and area.
Related violations: <none>

DPOR-1#51 Warning
Asynchronous load check  
DSP design_1_i/pmdc_axis_wrapper_0/inst/u_pmdc_top/u_PMDC_model1/u_voltage_model_q/Gain5_mul_temp output is connected to registers with an asynchronous reset (design_1_i/pmdc_axis_wrapper_0/inst/u_pmdc_top/u_PMDC_model1/u_voltage_model_q/Gain5_out1_1_reg[7]). This is preventing the possibility of merging these registers in to the DSP Block since the DSP block registers only possess synchronous reset capability.  It is suggested to recode or change these registers to remove the reset or use a synchronous reset to get the best optimization for performance, power and area.
Related violations: <none>

DPOR-1#52 Warning
Asynchronous load check  
DSP design_1_i/pmdc_axis_wrapper_0/inst/u_pmdc_top/u_PMDC_model1/u_voltage_model_q/Gain5_mul_temp output is connected to registers with an asynchronous reset (design_1_i/pmdc_axis_wrapper_0/inst/u_pmdc_top/u_PMDC_model1/u_voltage_model_q/Gain5_out1_1_reg[8]). This is preventing the possibility of merging these registers in to the DSP Block since the DSP block registers only possess synchronous reset capability.  It is suggested to recode or change these registers to remove the reset or use a synchronous reset to get the best optimization for performance, power and area.
Related violations: <none>

DPOR-1#53 Warning
Asynchronous load check  
DSP design_1_i/pmdc_axis_wrapper_0/inst/u_pmdc_top/u_PMDC_model1/u_voltage_model_q/Gain5_mul_temp output is connected to registers with an asynchronous reset (design_1_i/pmdc_axis_wrapper_0/inst/u_pmdc_top/u_PMDC_model1/u_voltage_model_q/Gain5_out1_1_reg[9]). This is preventing the possibility of merging these registers in to the DSP Block since the DSP block registers only possess synchronous reset capability.  It is suggested to recode or change these registers to remove the reset or use a synchronous reset to get the best optimization for performance, power and area.
Related violations: <none>

DPOR-1#54 Warning
Asynchronous load check  
DSP design_1_i/pmdc_axis_wrapper_0/inst/u_pmdc_top/u_PMDC_model1/u_voltage_model_q/Gain5_mul_temp__1 output is connected to registers with an asynchronous reset (design_1_i/pmdc_axis_wrapper_0/inst/u_pmdc_top/u_PMDC_model1/u_voltage_model_q/Gain5_out1_1_reg[16]__1). This is preventing the possibility of merging these registers in to the DSP Block since the DSP block registers only possess synchronous reset capability.  It is suggested to recode or change these registers to remove the reset or use a synchronous reset to get the best optimization for performance, power and area.
Related violations: <none>

REQP-1839#1 Warning
RAMB36 async control check  
The RAMB36E1 design_1_i/axis_data_fifo_0/inst/gen_fifo.xpm_fifo_axis_inst/xpm_fifo_base_inst/gen_sdpram.xpm_memory_base_inst/gen_wr_a.gen_word_narrow.mem_reg has an input control pin design_1_i/axis_data_fifo_0/inst/gen_fifo.xpm_fifo_axis_inst/xpm_fifo_base_inst/gen_sdpram.xpm_memory_base_inst/gen_wr_a.gen_word_narrow.mem_reg/ENARDEN (net: design_1_i/axis_data_fifo_0/inst/gen_fifo.xpm_fifo_axis_inst/xpm_fifo_base_inst/gen_sdpram.xpm_memory_base_inst/wea[0]) which is driven by a register (design_1_i/pmdc_axis_wrapper_0/inst/tvalid_reg_reg) that has an active asychronous set or reset. This may cause corruption of the memory contents and/or read values when the set/reset is asserted and is not analyzed by the default static timing analysis. It is suggested to eliminate the use of a set/reset to registers driving this RAMB pin or else use a synchronous reset in which the assertion of the reset is timed by default.
Related violations: <none>

REQP-181#1 Advisory
writefirst  
Synchronous clocking is detected for BRAM (design_1_i/axi_dma_0/U0/I_PRMRY_DATAMOVER/GEN_S2MM_FULL.I_S2MM_FULL_WRAPPER/GEN_ENABLE_INDET_BTT_SF.I_INDET_BTT/I_DATA_FIFO/BLK_MEM.I_SYNC_FIFOGEN_FIFO/xpm_fifo_instance.xpm_fifo_sync_inst/xpm_fifo_base_inst/gen_sdpram.xpm_memory_base_inst/gen_wr_a.gen_word_narrow.mem_reg) in SDP mode with WRITE_FIRST write-mode. This is the preferred mode for best power characteristics, however it may exhibit address collisions if the same address appears on both read and write ports resulting in unknown or corrupted read data. It is suggested to confirm via simulation that an address collision never occurs and if so it is suggested to try and avoid this situation. If address collisions cannot be avoided, the write-mode may be set to READ_FIRST which guarantees that the read data is the prior contents of the memory at the cost of additional power in the design. See the FPGA Memory Resources User Guide for additional information.
Related violations: <none>


